         w __deregister_frame_info
         w __register_frame_info
         w userAppExit
         w userAppInit
00000000 00000802 B __ctru_dev_utf16_buf
00000000 A __sync_synchronize
00000000 b _TLS_MODULE_BASE_
00000000 a shift
00000000 a shift
00000804 00000401 B __ctru_dev_path_buf
00100000 A __start__
00100000 T _start
00100008 T __service_ptr
0010000c T __apt_appid
00100010 T __heap_size
00100014 T __linear_heap_size
00100018 T __system_arglist
0010001c T __system_runflags
00100020 t startup
00100058 t ClearMem
0010006c t ClrLoop
00100094 T _init
001000ac t .udivsi3_skip_div0_test
001000ac T __aeabi_uidiv
001000ac 000001ec T __udivsi3
00100298 00000020 T __aeabi_uidivmod
001002b8 T __aeabi_idiv
001002b8 00000220 T __divsi3
001002c0 t .divsi3_skip_div0_test
001004d8 00000020 T __aeabi_idivmod
001004f8 00000004 W __aeabi_idiv0
001004f8 00000004 W __aeabi_ldiv0
001004fc T __aeabi_ldivmod
001005d0 T __aeabi_uldivmod
00100628 00000390 T strcmp
001009b0 t __do_global_dtors_aux
00100a00 t frame_dummy
00100a2c 00000178 T DrawRoundedRect
00100ba4 000000dc T draw_kbdt
00100c80 000000e8 T render_kbd
00100d68 00000264 T draw_kana_detail
00100fcc 000002ac T mostrar_tabla
00101278 00000128 T draw_btn
001013a0 000002c4 T build_menu
00101664 00000a68 T display_menu
001020cc 0000068c T main
00102758 00000044 t C2Di_FrameEndHook
0010279c 00000368 T C2D_Init
00102b04 0000004c T C2D_Fini
00102b50 000000bc T C2D_Prepare
00102c0c 00000048 T C2D_Flush
00102c54 000000fc T C2D_SceneSize
00102d50 00000060 T C2D_CreateScreenTarget
00102db0 00000060 T C2D_TargetClear
00102e10 00000054 T C2Di_AppendQuad
00102e64 00000040 T C2Di_AppendVtx
00102ea4 00000738 T C2Di_Update
001035dc 00000168 T C2D_DrawRectangle
00103744 00000174 T C2D_DrawEllipse
001038b8 00000040 T C2D_FontFree
001038f8 000000f8 t C2Di_PostLoadFont
001039f0 000000b8 T C2D_FontLoadFromHandle
00103aa8 00000048 T C2D_FontLoad
00103af0 00000050 T C2D_FontGlyphIndexFromCodePoint
00103b40 00000074 T C2D_FontCalcGlyphPos
00103bb4 00000018 t C2Di_GlyphComp
00103bcc 00000180 t C2Di_CalcLineWidths
00103d4c 000001d0 T C2D_TextBufNew
00103f1c 00000004 T C2D_TextBufDelete
00103f20 0000000c T C2D_TextBufClear
00103f2c 000001c4 T C2D_TextFontParseLine
001040f0 000000a4 T C2D_TextFontParse
00104194 00000030 T C2D_TextOptimize
001041c4 00000fdc T C2D_DrawText
001051a0 00000028 T AttrInfo_Init
001051c8 00000094 T AttrInfo_AddLoader
0010525c 00000054 T C3D_SetAttrInfo
001052b0 00000080 T C3Di_AttrInfoBind
00105330 00000004 W C3Di_LightEnvUpdate
00105334 00000004 W C3Di_LightEnvDirty
00105338 000000b4 t C3Di_AptEventHook
001053ec 00000004 W C3Di_GasUpdate
001053f0 000001d0 T C3D_Init
001055c0 00000098 T C3D_SetViewport
00105658 000004e8 T C3Di_UpdateContext
00105b40 000000e0 T C3Di_SplitFrame
00105c20 00000044 T C3D_Fini
00105c64 00000194 T C3D_BindProgram
00105df8 00000024 T BufInfo_Init
00105e1c 00000080 T BufInfo_Add
00105e9c 0000003c T C3D_SetBufInfo
00105ed8 00000048 T C3Di_BufInfoBind
00105f20 0000021c T C3D_DrawElements
0010613c 00000040 T C3D_DepthMap
0010617c 0000001c T C3D_CullFace
00106198 00000040 T C3D_StencilTest
001061d8 00000024 T C3D_StencilOp
001061fc 0000001c T C3D_BlendingColor
00106218 00000024 T C3D_EarlyDepthTest
0010623c 0000002c T C3D_DepthTest
00106268 0000002c T C3D_AlphaTest
00106294 00000050 T C3D_AlphaBlend
001062e4 00000030 T C3D_FragOpMode
00106314 00000044 T C3D_FragOpShadow
00106358 000001ac T C3Di_EffectBind
00106504 0000001c T C3D_CalcColorBufSize
00106520 0000001c T C3D_CalcDepthBufSize
0010653c 00000044 T C3D_SetFrameBuf
00106580 0000016c T C3Di_FrameBufBind
001066ec 000000c8 T C3D_FrameBufClear
001067b4 00000044 T C3D_FrameBufTransfer
001067f8 000000a8 T C3D_ImmSendAttrib
001068a0 00000070 T C3D_ProcTexInit
00106910 00000054 T C3D_ProcTexBind
00106964 0000005c T C3D_ProcTexLutBind
001069c0 000000a4 T ProcTexLut_FromArray
00106a64 00000178 T C3Di_ProcTexUpdate
00106bdc 00000068 T C3Di_ProcTexDirty
00106c44 0000004c t onVBlank0
00106c90 0000004c t onVBlank1
00106cdc 00000080 t C3Di_RenderTargetDestroy
00106d5c 000000f4 t onQueueFinish
00106e50 00000038 T C3Di_RenderQueueEnableVBlank
00106e88 00000030 T C3Di_RenderQueueDisableVBlank
00106eb8 00000060 T C3Di_RenderQueueInit
00106f18 000000b4 T C3Di_RenderQueueExit
00106fcc 00000034 T C3Di_RenderQueueWaitDone
00107000 000000e8 T C3D_FrameBegin
001070e8 00000048 T C3D_FrameDrawOn
00107130 00000058 T C3D_FrameSplit
00107188 000001d0 T C3D_FrameEnd
00107358 0000001c T C3D_FrameEndHook
00107374 00000170 T C3D_RenderTargetCreate
001074e4 000000a8 T C3D_RenderTargetSetOutput
0010758c 00000034 T C3D_GetTexEnv
001075c0 00000024 T C3Di_TexEnvBind
001075e4 00000044 T C3D_TexBind
00107628 0000014c T C3Di_SetTex
00107774 00000290 T C3D_UpdateUniforms
00107a04 000000c0 T C3Di_DirtyUniforms
00107ac4 000000d8 T C3Di_LoadShaderUniforms
00107b9c 00000028 T C3Di_ClearShaderUniforms
00107bc4 000000cc T Mtx_Ortho
00107c90 000000cc T Mtx_OrthoTilt
00107d5c 00000024 t addrMapNodeComparator(rbtree_node const*, rbtree_node const*)
00107d80 00000004 t addrMapNodeDestructor(rbtree_node*)
00107d84 0000012c T linearMemAlign
00107eb0 00000008 T linearAlloc
00107eb8 0000005c T linearFree
00107f14 00000088 T MemPool::CoalesceRight(MemBlock*)
00107f9c 00000178 T MemPool::Allocate(MemChunk&, unsigned long, int)
00108114 00000118 T MemPool::Deallocate(MemChunk const&)
0010822c 00000030 T MemPool::GetFreeSpace()
0010825c 00000024 t addrMapNodeComparator(rbtree_node const*, rbtree_node const*)
00108280 00000004 t addrMapNodeDestructor(rbtree_node*)
00108284 00000248 T vramMemAlignAt
001084cc 0000000c T vramAlloc
001084d8 0000000c T vramAllocAt
001084e4 00000094 T vramFree
00108578 0000009c T fontEnsureMapped
00108614 0000007c T fontFixPointers
00108690 00000100 T fontGlyphIndexFromCodePoint
00108790 00000214 T fontCalcGlyphPos
001089a4 000000cc t gfxPresentFramebuffer
00108a70 0000001c T gfxIsWide
00108a8c 000000f8 T gfxSetScreenFormat
00108b84 000000d8 T gfxInit
00108c5c 00000010 T gfxInitDefault
00108c6c 000000b8 T gfxExit
00108d24 000000a0 T gfxGetFramebuffer
00108dc4 00000028 T gfxScreenSwapBuffers
00108dec 00000074 T osConvertVirtToPhys
00108e60 00000054 T osGetTimeRef
00108eb4 000000ec T osGetTime
00108fa0 00000034 T __ctru_speedup_config
00108fd4 00000008 t romfs_close
00108fdc 000000ac t romfs_seek
00109088 00000024 t romfs_dirreset
001090ac 000000c0 t fill_dir
0010916c 000002ac t romfs_dirnext
00109418 00000074 t romfs_free
0010948c 000000d0 t searchForFile.constprop.0
0010955c 000000d4 t searchForDir.constprop.0
00109630 000001c0 t navigateToDir.constprop.0
001097f0 00000114 t romfs_open
00109904 0000004c t romfs_chdir
00109950 00000068 t romfs_diropen
001099b8 00000178 t romfs_stat
00109b30 00000008 t romfs_dirclose
00109b38 0000007c t romfs_fstat
00109bb4 000000d0 t romfs_read
00109c84 00000294 T romfsMountFromFile
00109f18 00000098 T romfsMountFromCurrentProcess
00109fb0 00000258 T romfsMountSelf
0010a208 0000013c T GPUCMD_Add
0010a344 000000b0 T GPUCMD_Split
0010a3f4 00000034 T f32tof16
0010a428 00000034 T f32tof24
0010a45c 00000038 T f32tof31
0010a494 00000010 T GX_BindQueue
0010a4a4 0000007c T GX_ProcessCommandList
0010a520 00000074 T GX_MemoryFill
0010a594 00000074 T GX_DisplayTransfer
0010a608 00000064 t gxCmdQueueDoCommands.part.0
0010a66c 000000e4 T gxCmdQueueInterrupt
0010a750 00000068 T gxCmdQueueClear
0010a7b8 00000108 T gxCmdQueueAdd
0010a8c0 00000080 T gxCmdQueueRun
0010a940 00000064 T gxCmdQueueStop
0010a9a4 000000ac T gxCmdQueueWait
0010aa50 000001e0 T shaderInstanceInit
0010ac30 00000018 T shaderInstanceGetUniformLocation
0010ac48 0000001c T shaderProgramInit
0010ac64 00000074 T shaderProgramFree
0010acd8 00000094 T shaderProgramSetVsh
0010ad6c 000008d0 T shaderProgramConfigure
0010b63c 000001dc t DVLE_GenerateOutmap.part.0
0010b818 000001ac T DVLB_ParseFile
0010b9c4 00000050 T DVLB_Free
0010ba14 00000074 T DVLE_GetUniformRegister
0010ba88 00000180 t aptConvertScreenForCapture
0010bc08 00000008 W aptDspSleep
0010bc10 00000004 W aptDspWakeup
0010bc14 00000004 W aptDspCancel
0010bc18 00000138 T aptSendCommand
0010bd50 00000044 t aptExitProcess
0010bd94 00000394 T aptExit
0010c128 000000d8 T aptHandleSleep
0010c200 00000034 T aptHook
0010c234 00000030 T aptUnhook
0010c264 00000084 T APT_SleepIfShellClosed
0010c2e8 00000078 T aptSetSleepAllowed
0010c360 00000084 T APT_UnlockTransition
0010c3e8 00000470 t aptEventHandler
0010c858 000000bc T APT_ReceiveParameter
0010c914 000000b0 t aptReceiveParameter.constprop.0
0010c9c8 00000294 t aptScreenTransfer
0010cc5c 000002d0 t aptWaitForWakeUp.isra.0
0010cf2c 000000f4 T aptJumpToHomeMenu
0010d020 00000058 T aptMainLoop
0010d078 00000240 T aptInit
0010d2b8 00000090 T APT_CheckNew3DS
0010d348 00000048 T APT_GetSharedFont
0010d390 000000a8 T cfguInit
0010d438 00000104 T fsInit
0010d53c 0000003c T fsExit
0010d578 00000068 T fsExemptFromSession
0010d5e0 00000050 T fsUnexemptFromSession
0010d630 000000cc T FSUSER_OpenFile
0010d6fc 000000cc T FSUSER_OpenFileDirectly
0010d7c8 000000b8 T FSUSER_DeleteFile
0010d880 000000f4 T FSUSER_RenameFile
0010d974 000000b8 T FSUSER_DeleteDirectory
0010da2c 000000d0 T FSUSER_CreateFile
0010dafc 000000c0 T FSUSER_CreateDirectory
0010dbbc 000000f4 T FSUSER_RenameDirectory
0010dcb0 000000b4 T FSUSER_OpenDirectory
0010dd64 00000090 T FSUSER_OpenArchive
0010ddf4 0000008c T FSUSER_CloseArchive
0010de80 00000074 T FSUSER_GetSdmcArchiveResource
0010def4 00000064 T FSUSER_IsSdmcWritable
0010df58 00000064 T FSFILE_Read
0010dfbc 0000006c T FSFILE_Write
0010e028 00000044 T FSFILE_GetSize
0010e06c 00000028 T FSFILE_SetSize
0010e094 0000003c T FSFILE_Close
0010e0d0 00000024 T FSFILE_Flush
0010e0f4 00000060 T FSDIR_Read
0010e154 0000003c T FSDIR_Close
0010e190 00000c70 t gspHardwareInit
0010ee00 00000288 T gspInit
0010f088 00000104 T gspExit
0010f18c 00000010 T gspHasGpuRight
0010f19c 000000a4 T gspPresentBuffer
0010f240 00000030 T gspSetEventCallback
0010f270 00000050 T gspWaitForEvent
0010f2c0 0000004c T gspWaitForAnyEvent
0010f30c 00000154 t gspEventThreadMain
0010f460 0000012c T gspSubmitGxCommand
0010f58c 00000050 T GSPGPU_FlushDataCache
0010f5dc 00000034 T GSPGPU_SetLcdForceBlack
0010f610 00000084 T GSPGPU_AcquireRight
0010f694 00000064 T GSPGPU_ReleaseRight
0010f6f8 0000007c T GSPGPU_ImportDisplayCaptureInfo
0010f774 0000002c T GSPGPU_SaveVramSysArea
0010f7a0 0000002c T GSPGPU_RestoreVramSysArea
0010f7cc 00000024 W hidShouldUseIrrst
0010f7f0 000001cc T hidInit
0010f9bc 000000e8 T hidExit
0010faa4 000002a0 T hidScanInput
0010fd44 00000010 T hidKeysHeld
0010fd54 00000010 T hidKeysDown
0010fd64 00000010 T hidKeysUp
0010fd74 00000018 T hidTouchRead
0010fd8c 000001a4 T irrstInit
0010ff30 000000dc T irrstExit
0011000c 000000b4 T irrstScanInput
001100c0 00000024 T irrstKeysHeld
001100e4 00000078 T ptmSysmInit
0011015c 0000003c T ptmSysmExit
00110198 00000034 T PTMSYSM_ConfigureNew3DSCPU
001101cc 00000074 T rbtree_find
00110240 00000010 T rbtree_init
00110250 00000198 t do_insert
001103e8 00000008 T rbtree_insert
001103f0 00000310 T rbtree_remove
00110700 00000090 T rbtree_rotate
00110790 00000140 T decode_utf8
001108d0 000000e8 T utf16_to_utf8
001109b8 000000c0 T utf8_to_utf16
00110a78 000001e8 W __system_allocateHeaps
00110c60 00000038 W __libctru_init
00110c98 0000016c W __system_initArgv
00110e04 00000030 T __syscall_getreent
00110e34 00000064 T __syscall_gettod_r
00110e98 00000004 T __syscall_lock_acquire
00110e9c 00000004 T __syscall_lock_release
00110ea0 00000004 T __syscall_lock_acquire_recursive
00110ea4 00000004 T __syscall_lock_release_recursive
00110ea8 00000004 T __syscall_exit
00110eac 00000054 T initThreadVars
00110f00 00000080 T __system_initSyscalls
00110f80 T svcControlMemory
00110fa0 T svcQueryMemory
00110fd0 T svcExitProcess
00110fd8 T svcCreateThread
00110ff8 T svcExitThread
00111000 T svcSleepThread
00111008 T svcReleaseMutex
00111010 T svcCreateEvent
00111024 T svcSignalEvent
0011102c T svcClearEvent
00111034 T svcMapMemoryBlock
0011103c T svcUnmapMemoryBlock
00111044 T svcCreateAddressArbiter
00111058 T svcArbitrateAddressNoTimeout
00111060 T svcCloseHandle
00111068 T svcWaitSynchronization
00111070 T svcWaitSynchronizationN
00111098 T svcDuplicateHandle
001110ac T svcGetSystemTick
001110b4 T svcConnectToPort
001110c8 T svcSendSyncRequest
001110d0 T svcGetResourceLimit
001110e4 T svcGetResourceLimitLimitValues
001110ec T svcGetResourceLimitCurrentValues
001110f4 T svcBreak
001110fc T __aeabi_read_tp
00111108 W initSystem
00111158 W __ctru_exit
0011116c 0000008c W envGetHandle
001111f8 00000050 W envDestroyHandles
00111248 00000164 T srvInit
001113ac 00000064 T srvExit
00111410 00000060 T srvEnableNotification
00111470 000000a0 T srvGetServiceHandleDirect
00111510 00000048 T srvGetServiceHandle
00111558 00000034 T srvSubscribe
0011158c 00000060 T srvReceiveNotification
001115ec 00000038 T srvPublishToSubscriber
00111624 0000000c T __sync_init
00111630 00000018 T __sync_fini
00111648 00000028 T syncArbitrateAddress
00111670 000000ac T LightLock_Lock
0011171c 00000040 T LightLock_Unlock
0011175c 00000054 T RecursiveLock_Lock
001117b0 00000054 T RecursiveLock_Unlock
00111804 00000044 T LightEvent_Init
00111848 000000b8 T LightEvent_Clear
00111900 000000dc T LightEvent_Signal
001119dc 00000050 T LightEvent_TryWait
00111a2c 000000ac T LightEvent_Wait
00111ad8 000001fc T threadCreate
00111cd4 00000038 T threadFree
00111d0c 00000024 T threadJoin
00111d30 00000030 T threadGetCurrent
00111d60 00000040 T threadExit
00111da0 00000020 t _thread_begin
00111dc0 00000090 t mappableFindAddressWithin
00111e50 00000028 T mappableInit
00111e78 0000007c T mappableAlloc
00111ef4 00000004 T mappableFree
00111ef8 0000000c T srvPmGetSessionHandle
00111f04 00000060 T rbtree_node_next
00111f64 00000054 T decode_utf16
00111fb8 00000054 T encode_utf16
0011200c 000000e0 T encode_utf8
001120ec 00000030 W __appExit
0011211c 00000030 W __appInit
0011214c 00000090 W __libctru_exit
001121dc 00000024 t error_cmp
00112200 00000050 t archive_translate_error
00112250 000000c0 t archive_seek
00112310 00000078 t _archiveInit.part.0
00112388 00000110 t archiveFindDevice.part.0
00112498 00000298 t archive_utf16path
00112730 00000098 t _archiveUnmountDeviceStruct.part.0
001127c8 00000178 t _archiveMountDevice
00112940 000000f8 t archive_diropen
00112a38 000000ac t archive_fstat
00112ae4 00000074 t archive_fsync
00112b58 00000074 t archive_close
00112bcc 00000078 t archive_dirclose
00112c44 000000ec t sdmc_statvfs
00112d30 000000f8 t archive_chdir
00112e28 0000008c t archive_ftruncate
00112eb4 000000bc t archive_read
00112f70 000000a8 t archive_unlink
00113018 000000c0 t archive_rmdir
001130d8 000000d8 t archive_mkdir
001131b0 000001a0 t archive_stat
00113350 00000164 t archive_dirnext
001134b4 0000013c t archive_write
001135f0 00000254 t archive_open
00113844 00000270 t archive_rename
00113ab4 000001c8 T archiveMountSdmc
00113c7c 00000054 T archiveUnmountAll
00113cd0 000000c0 T ceilf
00113d90 00000130 T __udivmoddi4
00113ec0 000000e4 T strncat
00113fa4 00000128 T memcpy
001140cc 0000008c T strlen
00114158 00000334 T _fread_r
0011448c 00000038 T fread
001144c4 00000078 T bsearch
0011453c 00000134 T _fopen_r
00114670 00000028 T fopen
00114698 00000028 T memalign
001146c0 000000a0 T snprintf
00114760 00000034 T printf
00114794 000001ec t _strtoul_l.isra.0
00114980 0000003c T strtoul
001149bc 00000140 T strchr
00114afc 000000d8 T memcmp
00114bd4 00000028 T calloc
00114bfc 0000016c T _memalign_r
00114d68 0000000c T __errno
00114d74 00000164 T __smakebuf_r
00114ed8 000000f0 T strcpy
00114fc8 000000e4 T memset
001150ac 000000d8 T _calloc_r
00115184 0000022c T __sflush_r
001153b0 000000c4 T _fflush_r
00115474 000008e8 T qsort
00115d5c 0000082c T _malloc_r
00116588 00000114 T _malloc_trim_r
0011669c 00000314 T _free_r
001169b0 0000001c t stdio_exit_handler
001169cc 0000005c t cleanup_stdio
00116a28 00000154 t global_stdio_init.part.0
00116b7c 00000138 T __sfp
00116cb4 0000005c T __sinit
00116d10 0000000c T __sfp_lock_acquire
00116d1c 0000000c T __sfp_lock_release
00116d28 00000084 T __libc_init_array
00116dac 000000d4 T strncpy
00116e80 0000001c T _fseek_r
00116e9c 00000040 T malloc
00116edc 00000020 T free
00116efc 000000e0 T _puts_r
00116fdc 00000020 T puts
00116ffc 00000044 T __sread
00117040 00000068 T __swrite
001170a8 00000040 T __sseek
001170e8 00000008 T __sclose
001170f0 000004f0 T _realloc_r
001175e0 0000000c T __malloc_lock
001175ec 0000000c T __malloc_unlock
001175f8 00000588 T _fseeko_r
00117b80 00000148 T _fclose_r
00117cc8 00000020 T fclose
00117ce8 00000048 T time
00117d30 00000004 W __call_exitprocs
00117d34 00000030 T exit
00117d64 000005e0 t get_arg
00118348 0000345c T _svfprintf_r
0011b7a4 000000b8 T __sflags
0011b85c 0000003c T __libc_fini_array
0011b898 0000003c T strnlen
0011b8d4 000000d8 T strncmp
0011b9ac 00000038 t lflush
0011b9e4 000001a8 T __srefill_r
0011bb90 00000088 T frexp
0011bc18 00000070 T _fwalk_sglue
0011bc88 000005e0 t get_arg
0011c268 00003554 T _vfprintf_r
0011f7bc 000000b4 t __sbprintf
0011f870 000000a0 T _wcrtomb_r
0011f910 000000a4 T __ssprint_r
0011f9b4 000004a4 T __sfvwrite_r
0011fe58 00000024 T __locale_mb_cur_max
0011fe7c 00000030 T __sprint_r
0011feac 000001c0 t quorem
00120070 00001420 T _dtoa_r
00121490 000000e8 T memchr
00121578 00000028 T _wcsrtombs_r
001215a0 00000140 T __swsetup_r
001216e0 00000024 T _localeconv_r
00121704 000001a8 T memmove
001218ac 0000012c T __ssputs_r
001219d8 000000f8 T __utf8_wctomb
00121ad0 0000015c T _wcsnrtombs_l
00121c2c 00000064 T _wcsnrtombs_r
00121c90 0000005c T __assert_func
00121cec 00000088 T _Balloc
00121d74 0000001c T _Bfree
00121d90 000000f4 T __multadd
00121e84 00000080 T __hi0bits
00121f04 000000f0 T __lo0bits
00121ff4 000000a4 T __i2b
00122098 00000230 T __multiply
001222c8 00000130 T __pow5mult
001223f8 00000138 T __lshift
00122530 00000058 T __mcmp
00122588 00000218 T __mdiff
001227a0 00000120 T __d2b
001228c0 00000340 T __utf8_mbtowc
00122c00 0000003c T fiprintf
00122c3c 00000014 T abort
00122c50 000005e0 t get_arg
00123230 000022f8 T _vfiprintf_r
00125528 000000b4 t __sbprintf
001255dc 0000009c T _raise_r
00125678 00000020 T raise
00125698 00000020 T _exit
001256b8 00000140 T chdir
001257f8 000001c8 T _concatenate_path
001259c0 0000009c T _fstat_r
00125a5c 00000014 T _getpid_r
00125a70 0000002c T __getreent
00125a9c 00000030 T _gettimeofday_r
00125acc 000000a0 T __release_handle
00125b6c 000000b0 T __alloc_handle
00125c1c 00000058 T __get_handle
00125c74 00000110 T _close_r
00125d84 00000008 t null_write
00125d8c 00000018 T setDefaultDevice
00125da4 00000098 T FindDevice
00125e3c 00000024 T RemoveDevice
00125e60 00000088 T AddDevice
00125ee8 00000020 T GetDeviceOpTab
00125f08 00000008 T _isatty_r
00125f10 00000014 T _kill_r
00125f24 00000094 T _lseek_r
00125fb8 000000c0 T _open_r
00126078 00000094 T _read_r
0012610c 00000078 W _sbrk_r
00126184 0000001c T __libc_lock_acquire
001261a0 0000001c T __libc_lock_release
001261bc 0000001c T __libc_lock_acquire_recursive
001261d8 0000001c T __libc_lock_release_recursive
001261f4 00000094 T _write_r
00126288 00000048 T strrchr
001262d0 T _fini
00127164 00000068 r themes
00127a6c r .LC2
00127eac R render2d_shbin
00128038 00000004 r depthFmtSizes
00128038 R render2d_shbin_end
0012803c 00000005 r colorFmtSizes
00128044 00000010 r CSWTCH.11
00128054 00000080 r romFS_devoptab
001280fc 00000008 r morton_y.2
00128104 00000008 r morton_x.3
0012810c 00000008 r s_sleepWakeEvents.4
00128114 0000000c r serviceNameTable.5
00128120 00000030 r error_table
00128150 00000080 r archive_devoptab
001282f8 00000010 r zeroes.0
00128308 00000010 r blanks.1
00128318 00000101 R _ctype_
00128504 00000010 r zeroes.0
00128514 00000010 r blanks.1
00128524 0000006c R __action_table
00128590 0000006c R __state_table
001285fc 00000100 R __chclass
00128704 0000000c r p05.0
00128710 00000028 R __mprec_bigtens
00128738 000000c8 R __mprec_tens
001288ec 00000010 r zeroes.0
001288fc 00000010 r blanks.1
0012890c 00000080 R dotab_stdnull
0012898c R __tdata_align
00128990 r __EH_FRAME_BEGIN__
00128990 R __exidx_end
00128990 R __exidx_start
00129000 000000c8 D hiragana
001290c8 00000001 D currentTheme
001290cc 00000004 D lastTouchY
001290d0 00000064 D menusel
00129134 00000008 d framerateCounter
0012913c 00000004 d framerate
00129140 00000004 d queueLock
00129144 00000004 d aptChainloadDeliverArgSize
00129148 00000004 d kCount
0012914c 00000004 d kInterval
00129150 00000004 d kDelay
00129154 W __stacksize__
00129158 00000004 D _impure_ptr
00129160 00000200 D _impure_data
00129360 00000004 D __malloc_sbrk_base
00129364 00000004 D __malloc_trim_threshold
00129368 00000408 D __malloc_av_
00129770 0000000c D __sglue
0012977c 00000254 D __global_locale
001299d0 00000400 d _current_working_directory
00129dd0 00001000 d handles
0012add0 0000000c d __stderr_handle
0012addc 0000000c d __stdout_handle
0012ade8 0000000c d __stdin_handle
0012adf4 0000008c D devoptab_list
0012ae80 00000004 d defaultDevice
0012ae8c d _GLOBAL_OFFSET_TABLE_
0012ae98 d __frame_dummy_init_array_entry
0012ae98 D __init_array_start
0012ae98 B __preinit_array_end
0012ae98 B __preinit_array_start
0012ae98 D __tdata_lma
0012ae98 D __tdata_lma_end
0012ae9c d __do_global_dtors_aux_fini_array_entry
0012ae9c D __fini_array_start
0012ae9c D __init_array_end
0012aea0 D __bss_start__
0012aea0 D __fini_array_end
0012aea0 00000070 B g_staticText
0012af10 00000010 B tablaState
0012af20 00000008 B result
0012af28 00000001 B currentScene
0012af2c 00000004 B font
0012af30 00000004 B font2
0012af34 00000004 B fontkbd
0012af38 00000004 B g_staticBuf
0012af3c 00000004 B g_dynamicBuf
0012af40 00000004 B lastTouchX
0012af44 00000001 B flag_display_menu
0012af48 00000008 B menu
0012af50 00000064 B menu_ant
0012afb4 00000004 B opc
0012afb8 0000001c B teststring
0012afd4 000000a0 B buf
0012b078 000005a8 B __C2Di_Context
0012b620 00000040 b s_projTop
0012b660 00000040 b s_projBot
0012b6a0 00000004 b uLoc_mdlvMtx
0012b6a4 00000004 b uLoc_projMtx
0012b6a8 00000004 b s_glyphSheets
0012b6ac 00000004 b s_textScale
0012b6b0 b completed.1
0012b6b4 b object.0
0012b6cc 0000000c b hookCookie
0012b6d8 000002d0 B __C3D_Context
0012b9a8 00000004 b frameEndCbData
0012b9ac 00000004 b frameEndCb
0012b9b0 00000008 b frameCounter
0012b9b8 00000001 b isTopStereo
0012b9b9 00000001 b needSwapBot
0012b9ba 00000001 b needSwapTop
0012b9bb 00000001 b measureGpuTime
0012b9bc 00000001 b inSafeTransfer
0012b9bd 00000001 b inFrame
0012b9c0 00000010 b cpuTime
0012b9d0 00000010 b gpuTime
0012b9e0 0000000c b linkedTarget
0012b9ec 00000004 b lastTarget
0012b9f0 00000004 b firstTarget
0012b9f4 00000008 b C3Di_IVUnifEverDirty
0012b9fc 000000c0 b C3Di_FVUnifEverDirty
0012babc 00000018 b C3Di_ShaderFVecData
0012bad4 00000002 B C3D_BoolUnifsDirty
0012bad8 00000008 B C3D_IVUnifDirty
0012bae0 000000c0 B C3D_FVUnifDirty
0012bba0 00000004 B C3D_BoolUnifs
0012bba4 00000020 B C3D_IVUnif
0012bbc4 00000c00 B C3D_FVUnif
0012c7c8 00000008 b sLinearPool
0012c7d0 0000000c b sAddrMap
0012c7e0 00000008 b sVramPoolB
0012c7e8 00000008 b sVramPoolA
0012c7f0 0000000c b sAddrMap
0012c7fc 00000004 b sharedFontAddr
0012c800 00000004 B g_sharedFont
0012c804 00000004 b screenAlloc
0012c808 00000004 b screenFree
0012c80c 00000002 b gfxIsDoubleBuf
0012c810 00000002 b gfxCurBuf
0012c812 00000001 b gfxIsVram
0012c813 00000001 b gfxTopMode
0012c814 00000002 b gfxFramebufferFormats
0012c818 00000004 b gfxBottomFramebufferMaxSize
0012c81c 00000004 b gfxTopFramebufferMaxSize
0012c820 00000008 b gfxBottomFramebuffers
0012c828 00000008 b gfxTopFramebuffers
0012c830 00000001 V __ctru_speedup
0012c834 00000004 b romfs_mount_list
0012c838 00000004 V __romfs_path
0012c83c 00000004 B gpuCmdBufOffset
0012c840 00000004 B gpuCmdBufSize
0012c844 00000004 B gpuCmdBuf
0012c848 00000004 b boundQueue
0012c84c 00000001 b shouldStop
0012c84d 00000001 b isRunning
0012c84e 00000001 b isActive
0012c850 00000004 b curQueue
0012c854 00000001 b flagValue.0
0012c855 00000001 b flagInit.1
0012c858 00000004 b serviceName.6
0012c85c 00000001 b aptChainloadFlags
0012c85d 00000001 b aptChainloadMediatype
0012c860 00000020 b aptChainloadHmac
0012c880 00000300 b aptChainloadDeliverArg
0012cb80 00000008 b aptChainloadTid
0012cb88 00001000 b aptParameters
0012db88 00000004 b aptFlags
0012db8c 00000001 b aptHomeButtonState
0012db90 00000004 b aptMessageFuncData
0012db94 00000004 b aptMessageFunc
0012db98 0000000c b aptFirstHook
0012dba4 00000001 b aptEventHandlerThreadQuit
0012dba8 00000004 b aptEventHandlerThread
0012dbac 00000008 b aptSleepEvent
0012dbb4 00000008 b aptReceiveEvent
0012dbbc 00000008 b aptEvents
0012dbc4 00000004 b aptLockHandle
0012dbc8 00000004 b aptRefCount
0012dbcc 00000004 b cfguRefCount
0012dbd0 00000004 b cfguHandle
0012dbd8 00000080 b fsExemptArchives
0012dc58 00000004 b fsuRefCount
0012dc5c 00000004 b fsuHandle
0012dc60 00000007 b gspEventCbOneShot
0012dc68 0000001c b gspEventCbData
0012dc84 0000001c b gspEventCb
0012dca0 00000038 b gspEvents
0012dcd8 00000004 b gspLastEvent
0012dcdc 00000001 b gspRunEvents
0012dce0 00000004 b gspEventThread
0012dce4 00000004 b gspEvent
0012dce8 00000001 b gspGpuRight
0012dce9 00000001 b gspThreadId
0012dcec 00000004 b gspSharedMem
0012dcf0 00000004 b gspSharedMemHandle
0012dcf4 00000004 b gspRefCount
0012dcf8 00000004 b gspGpuHandle
0012dcfc 00000001 b usingIrrst
0012dd00 00000004 b hidRefCount
0012dd04 00000006 b gRate
0012dd0c 00000006 b aVec
0012dd14 00000004 b cPos
0012dd18 00000004 b tPos
0012dd1c 00000004 b kRepeat
0012dd20 00000004 b kUp
0012dd24 00000004 b kDown
0012dd28 00000004 b kHeld
0012dd2c 00000004 b kOld
0012dd30 00000004 B hidSharedMem
0012dd34 00000014 B hidEvents
0012dd48 00000004 B hidMemHandle
0012dd4c 00000004 B hidHandle
0012dd50 00000004 b irrstRefCount
0012dd54 00000004 b csPos
0012dd58 00000004 b kHeld
0012dd5c 00000004 B irrstSharedMem
0012dd60 00000004 B irrstEvent
0012dd64 00000004 B irrstMemHandle
0012dd68 00000004 B irrstHandle
0012dd6c 00000004 b ptmSysmRefCount
0012dd70 00000004 b ptmSysmHandle
0012dd74 00000004 V __ctru_linear_heap_size
0012dd78 00000004 V __ctru_heap_size
0012dd7c 00000004 B __ctru_linear_heap
0012dd80 00000004 B __ctru_heap
0012dd84 00000004 B __system_retAddr
0012dd88 00000004 B __system_argv
0012dd8c 00000004 B __system_argc
0012dd90 b saved_stack
0012dd98 00000004 B __3dslink_host
0012dd9c 00000004 b srvRefCount
0012dda0 00000004 b srvHandle
0012dda4 00000004 b arbiter
0012dda8 00000004 b currentAddr
0012ddac 00000004 b maxAddr
0012ddb0 00000004 b minAddr
0012ddb4 00000004 b srvPmHandle
0012ddb8 000005c0 b archive_devices
0012e378 00000004 b archive_device_cwd
0012e37c 00000001 b archive_initialized
0012e380 00000028 B __malloc_current_mallinfo
0012e3a8 00000004 B __malloc_max_total_mem
0012e3ac 00000004 B __malloc_max_sbrked_mem
0012e3b0 00000004 B __malloc_top_pad
0012e3b4 0000000c b __sfp_recursive_mutex
0012e3c0 00000168 B __sf
0012e528 00000004 B __stdio_exit_handler
0012e52c 0000000c b __malloc_recursive_mutex
0012e538 00000400 b temp_cwd
0012e938 00000004 b __hndl_lock
0012e93c 00000004 B fake_heap_start
0012e940 00000004 B fake_heap_end
0012e944 00000004 b heap_start.0
0012e948 B __tls_start
0012f550 B __bss_end__
0012f550 A __end__
0012f550 B __tls_end
